{"numTotalTestSuites":2,"numPassedTestSuites":2,"numFailedTestSuites":0,"numPendingTestSuites":0,"numTotalTests":5,"numPassedTests":5,"numFailedTests":0,"numPendingTests":0,"numTodoTests":0,"snapshot":{"added":0,"failure":false,"filesAdded":0,"filesRemoved":0,"filesRemovedList":[],"filesUnmatched":0,"filesUpdated":0,"matched":0,"total":0,"unchecked":0,"uncheckedKeysByFile":[],"unmatched":0,"updated":0,"didUpdate":false},"startTime":1782894724559,"success":true,"testResults":[{"assertionResults":[{"ancestorTitles":["Erlang BEAM"],"fullName":"Erlang BEAM prints hello world","status":"passed","title":"prints hello world","duration":3824.432292,"failureMessages":[],"meta":{},"tags":[]},{"ancestorTitles":["Erlang BEAM"],"fullName":"Erlang BEAM evaluates arithmetic","status":"passed","title":"evaluates arithmetic","duration":2754.401667,"failureMessages":[],"meta":{},"tags":[]},{"ancestorTitles":["Erlang BEAM"],"fullName":"Erlang BEAM handles lists and pattern matching","status":"passed","title":"handles lists and pattern matching","duration":2906.986832999999,"failureMessages":[],"meta":{},"tags":[]},{"ancestorTitles":["Erlang BEAM"],"fullName":"Erlang BEAM spawns lightweight processes","status":"passed","title":"spawns lightweight processes","duration":2916.2487920000003,"failureMessages":[],"meta":{},"tags":[]},{"ancestorTitles":["Erlang BEAM"],"fullName":"Erlang BEAM runs a ring benchmark with inter-process message passing","status":"passed","title":"runs a ring benchmark with inter-process message passing","duration":2936.4105409999993,"failureMessages":[],"meta":{},"tags":[]}],"startTime":1782894725179,"endTime":1782894740519.4106,"status":"passed","message":"","name":"/Users/brandon/src/kandelo-gascity/worktrees/kandelo/kd-fyqz-erlang-beam-smoke/packages/registry/erlang/test/erlang.test.ts"}]}